[Fri, 09 Feb 2024 01:31:24] DEBUG [__init__.py._resolve_rom:54] ale_py.roms did not resolve breakout.
[Fri, 09 Feb 2024 01:31:31] INFO [lifelong_learner.py.learn:87]  --- TASK 1: ALE/Breakout-v5 --- 
[Fri, 09 Feb 2024 01:31:43] INFO [chkpt.py.before_learn_env:23] Loading checkpoint for current environment...
[Fri, 09 Feb 2024 01:31:43] INFO [lifelong_learner.py._learn_env:150] Training wake model on task 1 (ALE/Breakout-v5)...
[Fri, 09 Feb 2024 01:32:51] INFO [lifelong_learner.py._learn_env:169] Wake learner's highest mean reward on ALE/Breakout-v5 was 87.043478.
[Fri, 09 Feb 2024 01:32:51] INFO [lifelong_learner.py.learn:106] Collecting task 1 buffer...
[Fri, 09 Feb 2024 01:32:56] INFO [lifelong_learner.py.learn:111] Evaluating best wake model checkpoint for baseline mean reward...
[Fri, 09 Feb 2024 01:34:11] INFO [lifelong_learner.py.learn:114] Baseline mean reward is 320.53125
[Fri, 09 Feb 2024 01:34:11] INFO [lifelong_learner.py.learn:87]  --- TASK 2: ALE/Asteroids-v5 --- 
[Fri, 09 Feb 2024 01:34:18] DEBUG [__init__.py._resolve_rom:54] ale_py.roms did not resolve asteroids.
[Fri, 09 Feb 2024 01:34:21] INFO [chkpt.py.before_learn_env:23] Loading checkpoint for current environment...
[Fri, 09 Feb 2024 01:34:21] INFO [lifelong_learner.py._learn_env:150] Training wake model on task 2 (ALE/Asteroids-v5)...
[Fri, 09 Feb 2024 01:35:29] INFO [lifelong_learner.py._learn_env:169] Wake learner's highest mean reward on ALE/Asteroids-v5 was 1971.222222.
[Fri, 09 Feb 2024 01:35:29] INFO [lifelong_learner.py.learn:106] Collecting task 2 buffer...
[Fri, 09 Feb 2024 01:35:32] INFO [lifelong_learner.py.learn:111] Evaluating best wake model checkpoint for baseline mean reward...
[Fri, 09 Feb 2024 01:36:25] INFO [lifelong_learner.py.learn:114] Baseline mean reward is 2044.0
[Fri, 09 Feb 2024 01:36:28] INFO [lifelong_learner.py._sleep:177] Executing sleep phase...
[Fri, 09 Feb 2024 01:50:47] INFO [lifelong_learner.py._sleep:276] Environment mean rewards over sleeping (interval of 20):
[Fri, 09 Feb 2024 01:50:47] INFO [lifelong_learner.py._sleep:278]  - ALE/Breakout-v5: [314.46875, 227.96875, 167.1875, 220.33333333333334]
[Fri, 09 Feb 2024 01:50:47] INFO [lifelong_learner.py._sleep:278]  - ALE/Asteroids-v5: [964.75, 2013.3333333333333, 2201.75, 1819.25]
[Fri, 09 Feb 2024 01:50:47] INFO [lifelong_learner.py._sleep:278]  - ALE/Alien-v5: []
[Fri, 09 Feb 2024 01:50:47] INFO [lifelong_learner.py._sleep:278]  - ALE/SpaceInvaders-v5: []
[Fri, 09 Feb 2024 01:50:47] INFO [lifelong_learner.py._sleep:278]  - ALE/Asterix-v5: []
[Fri, 09 Feb 2024 01:50:47] INFO [lifelong_learner.py.learn:87]  --- TASK 3: ALE/Alien-v5 --- 
[Fri, 09 Feb 2024 01:50:54] DEBUG [__init__.py._resolve_rom:54] ale_py.roms did not resolve alien.
[Fri, 09 Feb 2024 01:50:57] INFO [chkpt.py.before_learn_env:23] Loading checkpoint for current environment...
[Fri, 09 Feb 2024 01:50:58] INFO [lifelong_learner.py._learn_env:150] Training wake model on task 3 (ALE/Alien-v5)...
[Fri, 09 Feb 2024 01:52:07] INFO [lifelong_learner.py._learn_env:169] Wake learner's highest mean reward on ALE/Alien-v5 was 916.813187.
[Fri, 09 Feb 2024 01:52:07] INFO [lifelong_learner.py.learn:106] Collecting task 3 buffer...
[Fri, 09 Feb 2024 01:52:09] INFO [lifelong_learner.py.learn:111] Evaluating best wake model checkpoint for baseline mean reward...
[Fri, 09 Feb 2024 01:52:51] INFO [lifelong_learner.py.learn:114] Baseline mean reward is 1215.5357142857142
[Fri, 09 Feb 2024 01:52:53] INFO [lifelong_learner.py._sleep:177] Executing sleep phase...
[Fri, 09 Feb 2024 02:08:50] INFO [lifelong_learner.py._sleep:276] Environment mean rewards over sleeping (interval of 20):
[Fri, 09 Feb 2024 02:08:50] INFO [lifelong_learner.py._sleep:278]  - ALE/Breakout-v5: [176.1875, 49.9375, 49.25, 61.28125]
[Fri, 09 Feb 2024 02:08:50] INFO [lifelong_learner.py._sleep:278]  - ALE/Asteroids-v5: [1234.0, 908.0, 789.5, 471.75]
[Fri, 09 Feb 2024 02:08:50] INFO [lifelong_learner.py._sleep:278]  - ALE/Alien-v5: [140.0, 989.4642857142857, 845.8928571428571, 1146.7857142857142]
[Fri, 09 Feb 2024 02:08:50] INFO [lifelong_learner.py._sleep:278]  - ALE/SpaceInvaders-v5: []
[Fri, 09 Feb 2024 02:08:50] INFO [lifelong_learner.py._sleep:278]  - ALE/Asterix-v5: []
[Fri, 09 Feb 2024 02:08:50] INFO [lifelong_learner.py.learn:87]  --- TASK 4: ALE/SpaceInvaders-v5 --- 
[Fri, 09 Feb 2024 02:08:57] DEBUG [__init__.py._resolve_rom:54] ale_py.roms did not resolve space_invaders.
[Fri, 09 Feb 2024 02:09:00] INFO [chkpt.py.before_learn_env:23] Loading checkpoint for current environment...
[Fri, 09 Feb 2024 02:09:00] INFO [lifelong_learner.py._learn_env:150] Training wake model on task 4 (ALE/SpaceInvaders-v5)...
[Fri, 09 Feb 2024 02:10:09] INFO [lifelong_learner.py._learn_env:169] Wake learner's highest mean reward on ALE/SpaceInvaders-v5 was 648.15.
[Fri, 09 Feb 2024 02:10:09] INFO [lifelong_learner.py.learn:106] Collecting task 4 buffer...
[Fri, 09 Feb 2024 02:10:12] INFO [lifelong_learner.py.learn:111] Evaluating best wake model checkpoint for baseline mean reward...
[Fri, 09 Feb 2024 02:11:14] INFO [lifelong_learner.py.learn:114] Baseline mean reward is 796.5178571428571
[Fri, 09 Feb 2024 02:11:15] INFO [lifelong_learner.py._sleep:177] Executing sleep phase...
[Fri, 09 Feb 2024 02:33:21] INFO [lifelong_learner.py._sleep:276] Environment mean rewards over sleeping (interval of 20):
[Fri, 09 Feb 2024 02:33:21] INFO [lifelong_learner.py._sleep:278]  - ALE/Breakout-v5: [54.0625, 36.3125, 41.8125, 30.178571428571427]
[Fri, 09 Feb 2024 02:33:21] INFO [lifelong_learner.py._sleep:278]  - ALE/Asteroids-v5: [888.25, 381.5, 535.25, 424.25]
[Fri, 09 Feb 2024 02:33:21] INFO [lifelong_learner.py._sleep:278]  - ALE/Alien-v5: [1068.5714285714287, 476.7857142857143, 751.25, 767.1428571428571]
[Fri, 09 Feb 2024 02:33:21] INFO [lifelong_learner.py._sleep:278]  - ALE/SpaceInvaders-v5: [156.16071428571428, 437.280701754386, 318.57142857142856, 443.859649122807]
[Fri, 09 Feb 2024 02:33:21] INFO [lifelong_learner.py._sleep:278]  - ALE/Asterix-v5: []
[Fri, 09 Feb 2024 02:33:22] INFO [lifelong_learner.py.learn:87]  --- TASK 5: ALE/Asterix-v5 --- 
[Fri, 09 Feb 2024 02:33:28] DEBUG [__init__.py._resolve_rom:54] ale_py.roms did not resolve asterix.
[Fri, 09 Feb 2024 02:33:32] INFO [chkpt.py.before_learn_env:23] Loading checkpoint for current environment...
[Fri, 09 Feb 2024 02:33:32] INFO [lifelong_learner.py._learn_env:150] Training wake model on task 5 (ALE/Asterix-v5)...
[Fri, 09 Feb 2024 02:34:40] INFO [lifelong_learner.py._learn_env:169] Wake learner's highest mean reward on ALE/Asterix-v5 was 2963.068182.
[Fri, 09 Feb 2024 02:34:40] INFO [lifelong_learner.py.learn:106] Collecting task 5 buffer...
[Fri, 09 Feb 2024 02:34:43] INFO [lifelong_learner.py.learn:111] Evaluating best wake model checkpoint for baseline mean reward...
[Fri, 09 Feb 2024 02:35:43] INFO [lifelong_learner.py.learn:114] Baseline mean reward is 3950.8928571428573
[Fri, 09 Feb 2024 02:35:45] INFO [lifelong_learner.py._sleep:177] Executing sleep phase...
[Fri, 09 Feb 2024 02:57:33] INFO [lifelong_learner.py._sleep:276] Environment mean rewards over sleeping (interval of 20):
[Fri, 09 Feb 2024 02:57:33] INFO [lifelong_learner.py._sleep:278]  - ALE/Breakout-v5: [31.96875, 6.5, 4.46875, 5.46875]
[Fri, 09 Feb 2024 02:57:33] INFO [lifelong_learner.py._sleep:278]  - ALE/Asteroids-v5: [617.25, 208.0, 650.0, 161.25]
[Fri, 09 Feb 2024 02:57:33] INFO [lifelong_learner.py._sleep:278]  - ALE/Alien-v5: [694.4642857142857, 354.2857142857143, 107.85714285714286, 255.0]
[Fri, 09 Feb 2024 02:57:33] INFO [lifelong_learner.py._sleep:278]  - ALE/SpaceInvaders-v5: [475.0, 263.0357142857143, 202.94642857142858, 0.0]
[Fri, 09 Feb 2024 02:57:33] INFO [lifelong_learner.py._sleep:278]  - ALE/Asterix-v5: [110.71428571428571, 258.92857142857144, 251.78571428571428, 333.0357142857143]
[Fri, 09 Feb 2024 02:57:33] INFO [lifelong_learner.py.learn:87]  --- TASK 1: ALE/Breakout-v5 --- 
[Fri, 09 Feb 2024 02:57:43] INFO [chkpt.py.before_learn_env:23] Loading checkpoint for current environment...
[Fri, 09 Feb 2024 02:57:43] INFO [lifelong_learner.py._learn_env:150] Training wake model on task 1 (ALE/Breakout-v5)...
[Fri, 09 Feb 2024 02:58:51] INFO [lifelong_learner.py._learn_env:169] Wake learner's highest mean reward on ALE/Breakout-v5 was nan.
[Fri, 09 Feb 2024 02:58:51] INFO [lifelong_learner.py.learn:106] Collecting task 1 buffer...
[Fri, 09 Feb 2024 02:58:54] INFO [lifelong_learner.py.learn:111] Evaluating best wake model checkpoint for baseline mean reward...
[Fri, 09 Feb 2024 03:00:00] INFO [lifelong_learner.py.learn:114] Baseline mean reward is 217.34375
[Fri, 09 Feb 2024 03:00:02] INFO [lifelong_learner.py._sleep:177] Executing sleep phase...
[Fri, 09 Feb 2024 03:33:23] INFO [lifelong_learner.py._sleep:276] Environment mean rewards over sleeping (interval of 20):
[Fri, 09 Feb 2024 03:33:23] INFO [lifelong_learner.py._sleep:278]  - ALE/Breakout-v5: [27.25, 65.15625, 84.14285714285714, 114.8125]
[Fri, 09 Feb 2024 03:33:23] INFO [lifelong_learner.py._sleep:278]  - ALE/Asteroids-v5: [578.0, 216.0, 987.5, 489.0]
[Fri, 09 Feb 2024 03:33:23] INFO [lifelong_learner.py._sleep:278]  - ALE/Alien-v5: [311.25, 270.5357142857143, 310.35714285714283, 101.42857142857143]
[Fri, 09 Feb 2024 03:33:23] INFO [lifelong_learner.py._sleep:278]  - ALE/SpaceInvaders-v5: [180.0, 0.0, 5.0, 0.0]
[Fri, 09 Feb 2024 03:33:23] INFO [lifelong_learner.py._sleep:278]  - ALE/Asterix-v5: [377.67857142857144, 434.82142857142856, 141.96428571428572, 262.5]
[Fri, 09 Feb 2024 03:33:23] INFO [lifelong_learner.py.learn:87]  --- TASK 2: ALE/Asteroids-v5 --- 
[Fri, 09 Feb 2024 03:33:33] INFO [chkpt.py.before_learn_env:23] Loading checkpoint for current environment...
[Fri, 09 Feb 2024 03:33:33] INFO [lifelong_learner.py._learn_env:150] Training wake model on task 2 (ALE/Asteroids-v5)...
[Fri, 09 Feb 2024 03:34:41] INFO [lifelong_learner.py._learn_env:169] Wake learner's highest mean reward on ALE/Asteroids-v5 was 1894.444444.
[Fri, 09 Feb 2024 03:34:41] INFO [lifelong_learner.py.learn:106] Collecting task 2 buffer...
[Fri, 09 Feb 2024 03:34:44] INFO [lifelong_learner.py.learn:111] Evaluating best wake model checkpoint for baseline mean reward...
[Fri, 09 Feb 2024 03:35:31] INFO [lifelong_learner.py.learn:114] Baseline mean reward is 2323.0
[Fri, 09 Feb 2024 03:35:33] INFO [lifelong_learner.py._sleep:177] Executing sleep phase...
[Fri, 09 Feb 2024 04:00:04] INFO [lifelong_learner.py._sleep:276] Environment mean rewards over sleeping (interval of 20):
[Fri, 09 Feb 2024 04:00:04] INFO [lifelong_learner.py._sleep:278]  - ALE/Breakout-v5: [86.875, 2.0625, 14.875, 20.516129032258064]
[Fri, 09 Feb 2024 04:00:04] INFO [lifelong_learner.py._sleep:278]  - ALE/Asteroids-v5: [684.0, 1116.5, 1049.5, 1120.0]
[Fri, 09 Feb 2024 04:00:04] INFO [lifelong_learner.py._sleep:278]  - ALE/Alien-v5: [247.32142857142858, 143.92857142857142, 130.71428571428572, 219.28571428571428]
[Fri, 09 Feb 2024 04:00:04] INFO [lifelong_learner.py._sleep:278]  - ALE/SpaceInvaders-v5: [50.0, 165.80357142857142, 67.14285714285714, 285.0]
[Fri, 09 Feb 2024 04:00:04] INFO [lifelong_learner.py._sleep:278]  - ALE/Asterix-v5: [313.39285714285717, 495.5357142857143, 545.5357142857143, 604.4642857142857]
[Fri, 09 Feb 2024 04:00:04] INFO [lifelong_learner.py.learn:87]  --- TASK 3: ALE/Alien-v5 --- 
[Fri, 09 Feb 2024 04:00:14] INFO [chkpt.py.before_learn_env:23] Loading checkpoint for current environment...
[Fri, 09 Feb 2024 04:00:14] INFO [lifelong_learner.py._learn_env:150] Training wake model on task 3 (ALE/Alien-v5)...
[Fri, 09 Feb 2024 04:01:23] INFO [lifelong_learner.py._learn_env:169] Wake learner's highest mean reward on ALE/Alien-v5 was 897.8.
[Fri, 09 Feb 2024 04:01:23] INFO [lifelong_learner.py.learn:106] Collecting task 3 buffer...
[Fri, 09 Feb 2024 04:01:26] INFO [lifelong_learner.py.learn:111] Evaluating best wake model checkpoint for baseline mean reward...
[Fri, 09 Feb 2024 04:02:07] INFO [lifelong_learner.py.learn:114] Baseline mean reward is 1300.0
[Fri, 09 Feb 2024 04:02:10] INFO [lifelong_learner.py._sleep:177] Executing sleep phase...
[Fri, 09 Feb 2024 04:24:17] INFO [lifelong_learner.py._sleep:276] Environment mean rewards over sleeping (interval of 20):
[Fri, 09 Feb 2024 04:24:17] INFO [lifelong_learner.py._sleep:278]  - ALE/Breakout-v5: [26.40625, 20.6875, 28.4375, 23.96875]
[Fri, 09 Feb 2024 04:24:17] INFO [lifelong_learner.py._sleep:278]  - ALE/Asteroids-v5: [1356.0, 311.25, 200.0, 359.75]
[Fri, 09 Feb 2024 04:24:17] INFO [lifelong_learner.py._sleep:278]  - ALE/Alien-v5: [320.35714285714283, 522.5, 632.5, 668.75]
[Fri, 09 Feb 2024 04:24:17] INFO [lifelong_learner.py._sleep:278]  - ALE/SpaceInvaders-v5: [285.0, 285.0, 285.0, 285.0]
[Fri, 09 Feb 2024 04:24:17] INFO [lifelong_learner.py._sleep:278]  - ALE/Asterix-v5: [400.0, 261.60714285714283, 340.17857142857144, 318.75]
[Fri, 09 Feb 2024 04:24:17] INFO [lifelong_learner.py.learn:87]  --- TASK 4: ALE/SpaceInvaders-v5 --- 
[Fri, 09 Feb 2024 04:24:27] INFO [chkpt.py.before_learn_env:23] Loading checkpoint for current environment...
[Fri, 09 Feb 2024 04:24:27] INFO [lifelong_learner.py._learn_env:150] Training wake model on task 4 (ALE/SpaceInvaders-v5)...
[Fri, 09 Feb 2024 04:25:35] INFO [lifelong_learner.py._learn_env:169] Wake learner's highest mean reward on ALE/SpaceInvaders-v5 was 639.85.
[Fri, 09 Feb 2024 04:25:35] INFO [lifelong_learner.py.learn:106] Collecting task 4 buffer...
[Fri, 09 Feb 2024 04:25:38] INFO [lifelong_learner.py.learn:111] Evaluating best wake model checkpoint for baseline mean reward...
[Fri, 09 Feb 2024 04:26:31] INFO [lifelong_learner.py.learn:114] Baseline mean reward is 718.3928571428571
[Fri, 09 Feb 2024 04:26:33] INFO [lifelong_learner.py._sleep:177] Executing sleep phase...
[Fri, 09 Feb 2024 04:49:02] INFO [lifelong_learner.py._sleep:276] Environment mean rewards over sleeping (interval of 20):
[Fri, 09 Feb 2024 04:49:02] INFO [lifelong_learner.py._sleep:278]  - ALE/Breakout-v5: [17.53125, 1.5161290322580645, 1.875, 2.40625]
[Fri, 09 Feb 2024 04:49:02] INFO [lifelong_learner.py._sleep:278]  - ALE/Asteroids-v5: [866.5, 257.5, 744.75, 690.75]
[Fri, 09 Feb 2024 04:49:02] INFO [lifelong_learner.py._sleep:278]  - ALE/Alien-v5: [570.8928571428571, 633.3928571428571, 140.0, 117.85714285714286]
[Fri, 09 Feb 2024 04:49:02] INFO [lifelong_learner.py._sleep:278]  - ALE/SpaceInvaders-v5: [285.0, 292.5892857142857, 132.32142857142858, 114.19642857142857]
[Fri, 09 Feb 2024 04:49:02] INFO [lifelong_learner.py._sleep:278]  - ALE/Asterix-v5: [333.92857142857144, 167.85714285714286, 234.82142857142858, 322.32142857142856]
[Fri, 09 Feb 2024 04:49:02] INFO [lifelong_learner.py.learn:87]  --- TASK 5: ALE/Asterix-v5 --- 
[Fri, 09 Feb 2024 04:49:12] INFO [chkpt.py.before_learn_env:23] Loading checkpoint for current environment...
[Fri, 09 Feb 2024 04:49:12] INFO [lifelong_learner.py._learn_env:150] Training wake model on task 5 (ALE/Asterix-v5)...
[Fri, 09 Feb 2024 04:50:19] INFO [lifelong_learner.py._learn_env:169] Wake learner's highest mean reward on ALE/Asterix-v5 was 3750.0.
[Fri, 09 Feb 2024 04:50:19] INFO [lifelong_learner.py.learn:106] Collecting task 5 buffer...
[Fri, 09 Feb 2024 04:50:23] INFO [lifelong_learner.py.learn:111] Evaluating best wake model checkpoint for baseline mean reward...
[Fri, 09 Feb 2024 04:51:30] INFO [lifelong_learner.py.learn:114] Baseline mean reward is 4783.035714285715
[Fri, 09 Feb 2024 04:51:32] INFO [lifelong_learner.py._sleep:177] Executing sleep phase...
[Fri, 09 Feb 2024 05:15:49] INFO [lifelong_learner.py._sleep:276] Environment mean rewards over sleeping (interval of 20):
[Fri, 09 Feb 2024 05:15:49] INFO [lifelong_learner.py._sleep:278]  - ALE/Breakout-v5: [0.0, 0.0, 0.0, 2.6451612903225805]
[Fri, 09 Feb 2024 05:15:49] INFO [lifelong_learner.py._sleep:278]  - ALE/Asteroids-v5: [548.0, 162.75, 267.0, 199.0]
[Fri, 09 Feb 2024 05:15:49] INFO [lifelong_learner.py._sleep:278]  - ALE/Alien-v5: [30.0, 103.57142857142857, 0.0, 224.64285714285714]
[Fri, 09 Feb 2024 05:15:49] INFO [lifelong_learner.py._sleep:278]  - ALE/SpaceInvaders-v5: [126.16071428571429, 237.32142857142858, 221.42857142857142, 23.035714285714285]
[Fri, 09 Feb 2024 05:15:49] INFO [lifelong_learner.py._sleep:278]  - ALE/Asterix-v5: [425.89285714285717, 271.42857142857144, 261.60714285714283, 247.32142857142858]
